<?xml version="1.0" encoding="UTF-8"?>
<testsuite name="com.teamtreehouse.challenges.homes.MainTest" tests="12" skipped="0" failures="0" errors="0" timestamp="2020-05-26T20:00:07" hostname="VAIO-GABO" time="0.498">
  <properties/>
  <testcase name="stateCodesUseDistinctMethod" classname="com.teamtreehouse.challenges.homes.MainTest" time="0.364"/>
  <testcase name="menuIsInclusive" classname="com.teamtreehouse.challenges.homes.MainTest" time="0.018"/>
  <testcase name="usesMaxToGatherHousingRecord" classname="com.teamtreehouse.challenges.homes.MainTest" time="0.009"/>
  <testcase name="argentinaPriceConverterIsReplaced" classname="com.teamtreehouse.challenges.homes.MainTest" time="0.06"/>
  <testcase name="stateCodesIgnoreBlanks" classname="com.teamtreehouse.challenges.homes.MainTest" time="0.008"/>
  <testcase name="maximumHousingRecordReturned" classname="com.teamtreehouse.challenges.homes.MainTest" time="0.002"/>
  <testcase name="usesMapToIntToGetMinimum" classname="com.teamtreehouse.challenges.homes.MainTest" time="0.002"/>
  <testcase name="aRangeIsUsed" classname="com.teamtreehouse.challenges.homes.MainTest" time="0.003"/>
  <testcase name="stateCodesAreSorted" classname="com.teamtreehouse.challenges.homes.MainTest" time="0.007"/>
  <testcase name="minimumHomeIndexReturned" classname="com.teamtreehouse.challenges.homes.MainTest" time="0.003"/>
  <testcase name="menuStartsAt1" classname="com.teamtreehouse.challenges.homes.MainTest" time="0.001"/>
  <testcase name="argentinaRecordsAreFormattedAndConverted" classname="com.teamtreehouse.challenges.homes.MainTest" time="0.004"/>
  <system-out><![CDATA[1. HI
2. MOM
1. HI
2. MOM
]]></system-out>
  <system-err><![CDATA[]]></system-err>
</testsuite>
